<?xml version="1.0" encoding="UTF-8"?>
<coverage generated="1742438688297" clover="3.2.0">
  <project timestamp="1742438688297" name="All files">
    <metrics statements="10" coveredstatements="10" conditionals="0" coveredconditionals="0" methods="8" coveredmethods="8" elements="18" coveredelements="18" complexity="0" loc="10" ncloc="10" packages="1" files="1" classes="1"/>
    <file name="dataProcessor.js" path="/Users/manideepreddyaliminati/Documents/Steerwise/profiling/test/src/utils/dataProcessor.js">
      <metrics statements="10" coveredstatements="10" conditionals="0" coveredconditionals="0" methods="8" coveredmethods="8"/>
      <line num="7" count="1" type="stmt"/>
      <line num="19" count="17" type="stmt"/>
      <line num="26" count="11" type="stmt"/>
      <line num="33" count="3" type="stmt"/>
      <line num="34" count="3" type="stmt"/>
      <line num="35" count="3" type="stmt"/>
      <line num="45" count="2" type="stmt"/>
      <line num="46" count="2" type="stmt"/>
      <line num="47" count="2" type="stmt"/>
      <line num="49" count="2" type="stmt"/>
    </file>
  </project>
</coverage>
