{"/Users/manideepreddyaliminati/Documents/Steerwise/profiling/test/src/utils/dataProcessor.js": {"path":"/Users/manideepreddyaliminati/Documents/Steerwise/profiling/test/src/utils/dataProcessor.js","statementMap":{"0":{"start":{"line":7,"column":19},"end":{"line":13,"column":1}},"1":{"start":{"line":19,"column":2},"end":{"line":19,"column":43}},"2":{"start":{"line":19,"column":30},"end":{"line":19,"column":41}},"3":{"start":{"line":26,"column":2},"end":{"line":26,"column":62}},"4":{"start":{"line":26,"column":39},"end":{"line":26,"column":57}},"5":{"start":{"line":33,"column":2},"end":{"line":37,"column":5}},"6":{"start":{"line":34,"column":4},"end":{"line":36,"column":12}},"7":{"start":{"line":35,"column":6},"end":{"line":35,"column":31}},"8":{"start":{"line":45,"column":15},"end":{"line":45,"column":32}},"9":{"start":{"line":46,"column":22},"end":{"line":46,"column":45}},"10":{"start":{"line":47,"column":21},"end":{"line":47,"column":53}},"11":{"start":{"line":49,"column":2},"end":{"line":55,"column":4}}},"fnMap":{"0":{"name":"filterActiveItems","decl":{"start":{"line":18,"column":16},"end":{"line":18,"column":33}},"loc":{"start":{"line":18,"column":41},"end":{"line":20,"column":1}},"line":18},"1":{"name":"(anonymous_1)","decl":{"start":{"line":19,"column":22},"end":{"line":19,"column":23}},"loc":{"start":{"line":19,"column":30},"end":{"line":19,"column":41}},"line":19},"2":{"name":"calculateTotalValue","decl":{"start":{"line":25,"column":16},"end":{"line":25,"column":35}},"loc":{"start":{"line":25,"column":43},"end":{"line":27,"column":1}},"line":25},"3":{"name":"(anonymous_3)","decl":{"start":{"line":26,"column":22},"end":{"line":26,"column":23}},"loc":{"start":{"line":26,"column":39},"end":{"line":26,"column":57}},"line":26},"4":{"name":"fetchData","decl":{"start":{"line":32,"column":16},"end":{"line":32,"column":25}},"loc":{"start":{"line":32,"column":28},"end":{"line":38,"column":1}},"line":32},"5":{"name":"(anonymous_5)","decl":{"start":{"line":33,"column":21},"end":{"line":33,"column":22}},"loc":{"start":{"line":33,"column":34},"end":{"line":37,"column":3}},"line":33},"6":{"name":"(anonymous_6)","decl":{"start":{"line":34,"column":15},"end":{"line":34,"column":16}},"loc":{"start":{"line":34,"column":21},"end":{"line":36,"column":5}},"line":34},"7":{"name":"processData","decl":{"start":{"line":43,"column":22},"end":{"line":43,"column":33}},"loc":{"start":{"line":43,"column":36},"end":{"line":56,"column":1}},"line":43}},"branchMap":{},"s":{"0":1,"1":4,"2":17,"3":4,"4":11,"5":3,"6":3,"7":3,"8":2,"9":2,"10":2,"11":2},"f":{"0":4,"1":17,"2":4,"3":11,"4":3,"5":3,"6":3,"7":2},"b":{},"_coverageSchema":"1a1c01bbd47fc00a2c39e90264f33305004495a9","hash":"bfd59be4235834ffe0b71529db9db0e6b8af8a27"}
}
