TN:
SF:src/utils/dataProcessor.js
FN:18,filterActiveItems
FN:19,(anonymous_1)
FN:25,calculateTotalValue
FN:26,(anonymous_3)
FN:32,fetchData
FN:33,(anonymous_5)
FN:34,(anonymous_6)
FN:43,processData
FNF:8
FNH:8
FNDA:4,filterActiveItems
FNDA:17,(anonymous_1)
FNDA:4,calculateTotalValue
FNDA:11,(anonymous_3)
FNDA:3,fetchData
FNDA:3,(anonymous_5)
FNDA:3,(anonymous_6)
FNDA:2,processData
DA:7,1
DA:19,17
DA:26,11
DA:33,3
DA:34,3
DA:35,3
DA:45,2
DA:46,2
DA:47,2
DA:49,2
LF:10
LH:10
BRF:0
BRH:0
end_of_record
